HistoryScreenFeature/build/intermediates/manifest_merge_blame_file/debug/manifest-merger-blame-debug-report.txt
1<?xml version="1.0" encoding="utf-8"?>
2<manifest xmlns:android="http://schemas.android.com/apk/res/android"
3    xmlns:dist="http://schemas.android.com/apk/distribution"
4    featureSplit="HistoryScreenFeature"
5    package="geekbrains.ru.translator"
6    android:versionCode="1"
7    android:versionName="1.0" >
8
9    <uses-sdk
10        android:minSdkVersion="21"
10-->src\main\AndroidManifest.xml
11        android:targetSdkVersion="29" />
11-->src\main\AndroidManifest.xml
12
13    <dist:module
13-->src\main\AndroidManifest.xml:5:5-12:19
14        dist:instant="false"
14-->src\main\AndroidManifest.xml:6:13-33
15        dist:title="@string/title_historyscreenfeature" >
15-->src\main\AndroidManifest.xml:7:13-60
16        <dist:delivery>
16-->src\main\AndroidManifest.xml:8:9-10:25
17            <dist:on-demand />
17-->src\main\AndroidManifest.xml:9:13-31
18        </dist:delivery>
19
20        <dist:fusing dist:include="true" />
20-->src\main\AndroidManifest.xml:11:9-44
20-->src\main\AndroidManifest.xml:11:22-41
21    </dist:module>
22
23    <application
23-->src\main\AndroidManifest.xml:13:5-15:19
24        android:debuggable="true"
25        android:testOnly="true" >
26        <activity android:name="geekbrains.ru.historyscreenfeature.DescriptionActivityFeature" />
26-->src\main\AndroidManifest.xml:14:9-64
26-->src\main\AndroidManifest.xml:14:19-61
27    </application>
28
29</manifest>